<?xml version="1.0" encoding="UTF-8"?>
<testsuite name="TestCalculator" tests="1" skipped="0" failures="0" errors="0" timestamp="2021-07-20T12:36:21" hostname="cws-mac" time="0.013">
  <properties/>
  <testcase name="testAdd()" classname="TestCalculator" time="0.013"/>
  <system-out><![CDATA[]]></system-out>
  <system-err><![CDATA[]]></system-err>
</testsuite>
